<?xml version="1.0" encoding="UTF-8"?>
<testng-results skipped="0" failed="0" total="1" passed="1">
  <reporter-output>
  </reporter-output>
  <suite name="Default suite" duration-ms="20060" started-at="2018-03-30T04:53:05Z" finished-at="2018-03-30T04:53:25Z">
    <groups>
    </groups>
    <test name="Default test" duration-ms="20060" started-at="2018-03-30T04:53:05Z" finished-at="2018-03-30T04:53:25Z">
      <class name="com.airbnb.components.searchAndFilter.SearchCityWithPriceFilter">
        <test-method status="PASS" signature="setup()[pri:0, instance:com.airbnb.components.searchAndFilter.SearchCityWithPriceFilter@6aaa5eb0]" name="setup" is-config="true" duration-ms="22629" started-at="2018-03-30T10:22:42Z" finished-at="2018-03-30T10:23:05Z">
          <reporter-output>
          </reporter-output>
        </test-method> <!-- setup -->
        <test-method status="PASS" signature="searchCityHomeBasedOnPrice(int, java.lang.String)[pri:0, instance:com.airbnb.components.searchAndFilter.SearchCityWithPriceFilter@6aaa5eb0]" name="searchCityHomeBasedOnPrice" duration-ms="20029" started-at="2018-03-30T10:23:05Z" data-provider="airBnbTest" finished-at="2018-03-30T10:23:25Z">
          <params>
            <param index="0">
              <value>
                <![CDATA[100]]>
              </value>
            </param>
            <param index="1">
              <value>
                <![CDATA[London]]>
              </value>
            </param>
          </params>
          <reporter-output>
          </reporter-output>
        </test-method> <!-- searchCityHomeBasedOnPrice -->
        <test-method status="PASS" signature="closeBrowser()[pri:0, instance:com.airbnb.components.searchAndFilter.SearchCityWithPriceFilter@6aaa5eb0]" name="closeBrowser" is-config="true" duration-ms="1024" started-at="2018-03-30T10:23:25Z" finished-at="2018-03-30T10:23:26Z">
          <reporter-output>
          </reporter-output>
        </test-method> <!-- closeBrowser -->
      </class> <!-- com.airbnb.components.searchAndFilter.SearchCityWithPriceFilter -->
    </test> <!-- Default test -->
  </suite> <!-- Default suite -->
</testng-results>
