<?xml version="1.0" encoding="UTF-8"?>
<testng-results skipped="0" failed="0" total="1" passed="1">
  <reporter-output>
  </reporter-output>
  <suite name="Default suite" duration-ms="33115" started-at="2018-03-30T04:49:43Z" finished-at="2018-03-30T04:50:16Z">
    <groups>
    </groups>
    <test name="Default test" duration-ms="33115" started-at="2018-03-30T04:49:43Z" finished-at="2018-03-30T04:50:16Z">
      <class name="com.airbnb.components.searchAndFilter.SearchCityWithPriceFilter">
        <test-method status="PASS" signature="setup()[pri:0, instance:com.airbnb.components.searchAndFilter.SearchCityWithPriceFilter@1593948d]" name="setup" is-config="true" duration-ms="34158" started-at="2018-03-30T10:19:09Z" finished-at="2018-03-30T10:19:43Z">
          <reporter-output>
          </reporter-output>
        </test-method> <!-- setup -->
        <test-method status="PASS" signature="searchCityHomeBasedOnPrice(int, java.lang.String)[pri:0, instance:com.airbnb.components.searchAndFilter.SearchCityWithPriceFilter@1593948d]" name="searchCityHomeBasedOnPrice" duration-ms="33069" started-at="2018-03-30T10:19:43Z" data-provider="airBnbTest" finished-at="2018-03-30T10:20:16Z">
          <params>
            <param index="0">
              <value>
                <![CDATA[100]]>
              </value>
            </param>
            <param index="1">
              <value>
                <![CDATA[London]]>
              </value>
            </param>
          </params>
          <reporter-output>
          </reporter-output>
        </test-method> <!-- searchCityHomeBasedOnPrice -->
        <test-method status="PASS" signature="closeBrowser()[pri:0, instance:com.airbnb.components.searchAndFilter.SearchCityWithPriceFilter@1593948d]" name="closeBrowser" is-config="true" duration-ms="2314" started-at="2018-03-30T10:20:16Z" finished-at="2018-03-30T10:20:18Z">
          <reporter-output>
          </reporter-output>
        </test-method> <!-- closeBrowser -->
      </class> <!-- com.airbnb.components.searchAndFilter.SearchCityWithPriceFilter -->
    </test> <!-- Default test -->
  </suite> <!-- Default suite -->
</testng-results>
